[INFO] Scanning for projects...
[INFO] 
[INFO] --------------------< com.telepatient:auth-service >--------------------
[INFO] Building auth-service 0.0.1-SNAPSHOT
[INFO]   from pom.xml
[INFO] --------------------------------[ jar ]---------------------------------
[INFO] 
[INFO] >>> spring-boot:3.4.1:run (default-cli) > test-compile @ auth-service >>>
[INFO] 
[INFO] --- resources:3.3.1:resources (default-resources) @ auth-service ---
[INFO] Copying 1 resource from src\main\resources to target\classes
[INFO] Copying 3 resources from src\main\resources to target\classes
[INFO] 
[INFO] --- compiler:3.12.1:compile (default-compile) @ auth-service ---
[INFO] Nothing to compile - all classes are up to date.
[INFO] 
[INFO] --- resources:3.3.1:testResources (default-testResources) @ auth-service ---
[INFO] skip non existing resourceDirectory e:\Project\Hospital Management System\Soft-Engi Project\auth-service\src\test\resources
[INFO] 
[INFO] --- compiler:3.12.1:testCompile (default-testCompile) @ auth-service ---
[INFO] No sources to compile
[INFO] 
[INFO] <<< spring-boot:3.4.1:run (default-cli) < test-compile @ auth-service <<<
[INFO] 
[INFO] 
[INFO] --- spring-boot:3.4.1:run (default-cli) @ auth-service ---
[INFO] Attaching agents: []

  .   ____          _            __ _ _
 /\\ / ___'_ __ _ _(_)_ __  __ _ \ \ \ \
( ( )\___ | '_ | '_| | '_ \/ _` | \ \ \ \
 \\/  ___)| |_)| | | | | || (_| |  ) ) ) )
  '  |____| .__|_| |_|_| |_\__, | / / / /
 =========|_|==============|___/=/_/_/_/

 :: Spring Boot ::                (v3.4.1)

2026-04-02T13:57:21.549+05:30  INFO 13024 --- [auth-service] [           main] c.t.auth.AuthServiceApplication          : Starting AuthServiceApplication using Java 21.0.10 with PID 13024 (E:\Project\Hospital Management System\Soft-Engi Project\auth-service\target\classes started by Admin in e:\Project\Hospital Management System\Soft-Engi Project\auth-service)
2026-04-02T13:57:21.557+05:30  INFO 13024 --- [auth-service] [           main] c.t.auth.AuthServiceApplication          : No active profile set, falling back to 1 default profile: "default"
2026-04-02T13:57:24.244+05:30  INFO 13024 --- [auth-service] [           main] .s.d.r.c.RepositoryConfigurationDelegate : Bootstrapping Spring Data JPA repositories in DEFAULT mode.
2026-04-02T13:57:24.465+05:30  INFO 13024 --- [auth-service] [           main] .s.d.r.c.RepositoryConfigurationDelegate : Finished Spring Data repository scanning in 200 ms. Found 9 JPA repository interfaces.
2026-04-02T13:57:25.882+05:30  INFO 13024 --- [auth-service] [           main] o.s.b.w.embedded.tomcat.TomcatWebServer  : Tomcat initialized with port 8081 (http)
2026-04-02T13:57:25.912+05:30  INFO 13024 --- [auth-service] [           main] o.apache.catalina.core.StandardService   : Starting service [Tomcat]
2026-04-02T13:57:25.913+05:30  INFO 13024 --- [auth-service] [           main] o.apache.catalina.core.StandardEngine    : Starting Servlet engine: [Apache Tomcat/10.1.34]
2026-04-02T13:57:26.083+05:30  INFO 13024 --- [auth-service] [           main] o.a.c.c.C.[Tomcat].[localhost].[/]       : Initializing Spring embedded WebApplicationContext
2026-04-02T13:57:26.085+05:30  INFO 13024 --- [auth-service] [           main] w.s.c.ServletWebServerApplicationContext : Root WebApplicationContext: initialization completed in 4385 ms
2026-04-02T13:57:26.466+05:30  INFO 13024 --- [auth-service] [           main] o.hibernate.jpa.internal.util.LogHelper  : HHH000204: Processing PersistenceUnitInfo [name: default]
2026-04-02T13:57:26.672+05:30  INFO 13024 --- [auth-service] [           main] org.hibernate.Version                    : HHH000412: Hibernate ORM core version 6.6.4.Final
2026-04-02T13:57:26.807+05:30  INFO 13024 --- [auth-service] [           main] o.h.c.internal.RegionFactoryInitiator    : HHH000026: Second-level cache disabled
2026-04-02T13:57:27.899+05:30  INFO 13024 --- [auth-service] [           main] o.s.o.j.p.SpringPersistenceUnitInfo      : No LoadTimeWeaver setup: ignoring JPA class transformer
2026-04-02T13:57:28.046+05:30  INFO 13024 --- [auth-service] [           main] com.zaxxer.hikari.HikariDataSource       : HikariPool-1 - Starting...
2026-04-02T13:57:30.802+05:30  INFO 13024 --- [auth-service] [           main] com.zaxxer.hikari.pool.HikariPool        : HikariPool-1 - Added connection org.postgresql.jdbc.PgConnection@31b6b0c7
2026-04-02T13:57:30.806+05:30  INFO 13024 --- [auth-service] [           main] com.zaxxer.hikari.HikariDataSource       : HikariPool-1 - Start completed.
2026-04-02T13:57:31.030+05:30  WARN 13024 --- [auth-service] [           main] org.hibernate.orm.deprecation            : HHH90000025: PostgreSQLDialect does not need to be specified explicitly using 'hibernate.dialect' (remove the property setting and it will be selected by default)
2026-04-02T13:57:31.410+05:30  INFO 13024 --- [auth-service] [           main] org.hibernate.orm.connections.pooling    : HHH10001005: Database info:
	Database JDBC URL [Connecting through datasource 'HikariDataSource (HikariPool-1)']
	Database driver: undefined/unknown
	Database version: 17.6
	Autocommit mode: undefined/unknown
	Isolation level: undefined/unknown
	Minimum pool size: undefined/unknown
	Maximum pool size: undefined/unknown
2026-04-02T13:57:35.356+05:30  INFO 13024 --- [auth-service] [           main] o.h.e.t.j.p.i.JtaPlatformInitiator       : HHH000489: No JTA platform available (set 'hibernate.transaction.jta.platform' to enable JTA platform integration)
2026-04-02T13:57:42.138+05:30  INFO 13024 --- [auth-service] [           main] j.LocalContainerEntityManagerFactoryBean : Initialized JPA EntityManagerFactory for persistence unit 'default'
2026-04-02T13:57:43.512+05:30  WARN 13024 --- [auth-service] [           main] JpaBaseConfiguration$JpaWebConfiguration : spring.jpa.open-in-view is enabled by default. Therefore, database queries may be performed during view rendering. Explicitly configure spring.jpa.open-in-view to disable this warning
2026-04-02T13:57:43.558+05:30  WARN 13024 --- [auth-service] [           main] .s.s.UserDetailsServiceAutoConfiguration : 

Using generated security password: c5011623-bb04-471b-8843-2174ff838d1a

This generated password is for development use only. Your security configuration must be updated before running your application in production.

2026-04-02T13:57:43.574+05:30  INFO 13024 --- [auth-service] [           main] r$InitializeUserDetailsManagerConfigurer : Global AuthenticationManager configured with UserDetailsService bean with name inMemoryUserDetailsManager
2026-04-02T13:57:43.779+05:30  INFO 13024 --- [auth-service] [           main] o.s.b.a.w.s.WelcomePageHandlerMapping    : Adding welcome page: class path resource [static/index.html]
2026-04-02T13:57:44.943+05:30  INFO 13024 --- [auth-service] [           main] o.s.b.w.embedded.tomcat.TomcatWebServer  : Tomcat started on port 8081 (http) with context path '/'
2026-04-02T13:57:44.959+05:30  INFO 13024 --- [auth-service] [           main] c.t.auth.AuthServiceApplication          : Started AuthServiceApplication in 24.384 seconds (process running for 25.361)
Hibernate: 
    select
        u1_0.id,
        u1_0.email,
        u1_0.full_name,
        u1_0.password,
        u1_0.reset_otp,
        u1_0.role,
        u1_0.specialty 
    from
        users u1_0 
    where
        u1_0.email=?
Hibernate: 
    select
        u1_0.id,
        u1_0.email,
        u1_0.full_name,
        u1_0.password,
        u1_0.reset_otp,
        u1_0.role,
        u1_0.specialty 
    from
        users u1_0 
    where
        u1_0.email=?
2026-04-02T13:58:22.559+05:30  INFO 13024 --- [auth-service] [nio-8081-exec-1] o.a.c.c.C.[Tomcat].[localhost].[/]       : Initializing Spring DispatcherServlet 'dispatcherServlet'
2026-04-02T13:58:22.560+05:30  INFO 13024 --- [auth-service] [nio-8081-exec-1] o.s.web.servlet.DispatcherServlet        : Initializing Servlet 'dispatcherServlet'
2026-04-02T13:58:22.563+05:30  INFO 13024 --- [auth-service] [nio-8081-exec-1] o.s.web.servlet.DispatcherServlet        : Completed initialization in 3 ms
Hibernate: 
    select
        u1_0.id,
        u1_0.email,
        u1_0.full_name,
        u1_0.password,
        u1_0.reset_otp,
        u1_0.role,
        u1_0.specialty 
    from
        users u1_0 
    where
        u1_0.email=?
Hibernate: 
    select
        rr1_0.id,
        rr1_0.assigned_doctor_id,
        rr1_0.from_doctor_id,
        rr1_0.patient_id,
        rr1_0.reason,
        rr1_0.request_date,
        rr1_0.requested_specialty,
        rr1_0.resolution_date,
        rr1_0.status,
        rr1_0.urgency 
    from
        referral_request rr1_0 
    where
        rr1_0.status=?
Hibernate: 
    select
        sp1_0.id,
        sp1_0.author_id,
        sp1_0.content,
        sp1_0.media_url,
        sp1_0.posted_at,
        sp1_0.title 
    from
        social_post sp1_0 
    order by
        sp1_0.posted_at desc
Hibernate: 
    select
        ft1_0.id,
        ft1_0.amount,
        ft1_0.description,
        ft1_0.transaction_date,
        ft1_0.type 
    from
        financial_transaction ft1_0
Hibernate: 
    select
        ct1_0.id,
        ct1_0.approved_at,
        ct1_0.expires_at,
        ct1_0.is_frozen,
        ct1_0.md_id,
        ct1_0.patient_id,
        ct1_0.requested_at,
        ct1_0.scheduled_time,
        ct1_0.status,
        ct1_0.type 
    from
        communication_token ct1_0 
    where
        ct1_0.status=?
Hibernate: 
    select
        ct1_0.id,
        ct1_0.approved_at,
        ct1_0.expires_at,
        ct1_0.is_frozen,
        ct1_0.md_id,
        ct1_0.patient_id,
        ct1_0.requested_at,
        ct1_0.scheduled_time,
        ct1_0.status,
        ct1_0.type 
    from
        communication_token ct1_0 
    where
        ct1_0.status=?
Hibernate: 
    select
        ft1_0.id,
        ft1_0.amount,
        ft1_0.description,
        ft1_0.transaction_date,
        ft1_0.type 
    from
        financial_transaction ft1_0
Hibernate: 
    select
        u1_0.id,
        u1_0.email,
        u1_0.full_name,
        u1_0.password,
        u1_0.reset_otp,
        u1_0.role,
        u1_0.specialty 
    from
        users u1_0
Hibernate: 
    select
        u1_0.id,
        u1_0.email,
        u1_0.full_name,
        u1_0.password,
        u1_0.reset_otp,
        u1_0.role,
        u1_0.specialty 
    from
        users u1_0
Hibernate: 
    select
        rr1_0.id,
        rr1_0.assigned_doctor_id,
        rr1_0.from_doctor_id,
        rr1_0.patient_id,
        rr1_0.reason,
        rr1_0.request_date,
        rr1_0.requested_specialty,
        rr1_0.resolution_date,
        rr1_0.status,
        rr1_0.urgency 
    from
        referral_request rr1_0 
    where
        rr1_0.status=?
Hibernate: 
    select
        ct1_0.id,
        ct1_0.approved_at,
        ct1_0.expires_at,
        ct1_0.is_frozen,
        ct1_0.md_id,
        ct1_0.patient_id,
        ct1_0.requested_at,
        ct1_0.scheduled_time,
        ct1_0.status,
        ct1_0.type 
    from
        communication_token ct1_0 
    where
        ct1_0.status=?
Hibernate: 
    select
        count(*) 
    from
        consultation c1_0
Hibernate: 
    select
        c1_0.id,
        c1_0.consultation_date,
        c1_0.doctor_id,
        c1_0.notes,
        c1_0.patient_id,
        c1_0.prescription,
        c1_0.reports_url 
    from
        consultation c1_0
Hibernate: 
    select
        u1_0.id,
        u1_0.email,
        u1_0.full_name,
        u1_0.password,
        u1_0.reset_otp,
        u1_0.role,
        u1_0.specialty 
    from
        users u1_0 
    where
        u1_0.role=?
Hibernate: 
    select
        pp1_0.id,
        pp1_0.age,
        pp1_0.current_doctor_id,
        pp1_0.logo_url,
        pp1_0.medical_history,
        pp1_0.user_id 
    from
        patient_profile pp1_0 
    where
        pp1_0.user_id=?
Hibernate: 
    select
        u1_0.id,
        u1_0.email,
        u1_0.full_name,
        u1_0.password,
        u1_0.reset_otp,
        u1_0.role,
        u1_0.specialty 
    from
        users u1_0 
    where
        u1_0.role=?
Hibernate: 
    select
        u1_0.id,
        u1_0.email,
        u1_0.full_name,
        u1_0.password,
        u1_0.reset_otp,
        u1_0.role,
        u1_0.specialty 
    from
        users u1_0 
    where
        u1_0.role=?
Hibernate: 
    select
        ft1_0.id,
        ft1_0.amount,
        ft1_0.description,
        ft1_0.transaction_date,
        ft1_0.type 
    from
        financial_transaction ft1_0
Hibernate: 
    select
        ft1_0.id,
        ft1_0.amount,
        ft1_0.description,
        ft1_0.transaction_date,
        ft1_0.type 
    from
        financial_transaction ft1_0
Hibernate: 
    select
        u1_0.id,
        u1_0.email,
        u1_0.full_name,
        u1_0.password,
        u1_0.reset_otp,
        u1_0.role,
        u1_0.specialty 
    from
        users u1_0 
    where
        u1_0.email=?
Hibernate: 
    select
        ft1_0.id,
        ft1_0.amount,
        ft1_0.description,
        ft1_0.transaction_date,
        ft1_0.type 
    from
        financial_transaction ft1_0
Hibernate: 
    select
        sp1_0.id,
        sp1_0.author_id,
        sp1_0.content,
        sp1_0.media_url,
        sp1_0.posted_at,
        sp1_0.title 
    from
        social_post sp1_0 
    order by
        sp1_0.posted_at desc
Hibernate: 
    select
        rr1_0.id,
        rr1_0.assigned_doctor_id,
        rr1_0.from_doctor_id,
        rr1_0.patient_id,
        rr1_0.reason,
        rr1_0.request_date,
        rr1_0.requested_specialty,
        rr1_0.resolution_date,
        rr1_0.status,
        rr1_0.urgency 
    from
        referral_request rr1_0 
    where
        rr1_0.status=?
Hibernate: 
    select
        ft1_0.id,
        ft1_0.amount,
        ft1_0.description,
        ft1_0.transaction_date,
        ft1_0.type 
    from
        financial_transaction ft1_0
Hibernate: 
    select
        ct1_0.id,
        ct1_0.approved_at,
        ct1_0.expires_at,
        ct1_0.is_frozen,
        ct1_0.md_id,
        ct1_0.patient_id,
        ct1_0.requested_at,
        ct1_0.scheduled_time,
        ct1_0.status,
        ct1_0.type 
    from
        communication_token ct1_0 
    where
        ct1_0.status=?
Hibernate: 
    select
        ct1_0.id,
        ct1_0.approved_at,
        ct1_0.expires_at,
        ct1_0.is_frozen,
        ct1_0.md_id,
        ct1_0.patient_id,
        ct1_0.requested_at,
        ct1_0.scheduled_time,
        ct1_0.status,
        ct1_0.type 
    from
        communication_token ct1_0 
    where
        ct1_0.status=?
Hibernate: 
    select
        u1_0.id,
        u1_0.email,
        u1_0.full_name,
        u1_0.password,
        u1_0.reset_otp,
        u1_0.role,
        u1_0.specialty 
    from
        users u1_0
Hibernate: 
    select
        u1_0.id,
        u1_0.email,
        u1_0.full_name,
        u1_0.password,
        u1_0.reset_otp,
        u1_0.role,
        u1_0.specialty 
    from
        users u1_0
Hibernate: 
    select
        rr1_0.id,
        rr1_0.assigned_doctor_id,
        rr1_0.from_doctor_id,
        rr1_0.patient_id,
        rr1_0.reason,
        rr1_0.request_date,
        rr1_0.requested_specialty,
        rr1_0.resolution_date,
        rr1_0.status,
        rr1_0.urgency 
    from
        referral_request rr1_0 
    where
        rr1_0.status=?
Hibernate: 
    select
        ct1_0.id,
        ct1_0.approved_at,
        ct1_0.expires_at,
        ct1_0.is_frozen,
        ct1_0.md_id,
        ct1_0.patient_id,
        ct1_0.requested_at,
        ct1_0.scheduled_time,
        ct1_0.status,
        ct1_0.type 
    from
        communication_token ct1_0 
    where
        ct1_0.status=?
Hibernate: 
    select
        count(*) 
    from
        consultation c1_0
Hibernate: 
    select
        c1_0.id,
        c1_0.consultation_date,
        c1_0.doctor_id,
        c1_0.notes,
        c1_0.patient_id,
        c1_0.prescription,
        c1_0.reports_url 
    from
        consultation c1_0
Hibernate: 
    select
        u1_0.id,
        u1_0.email,
        u1_0.full_name,
        u1_0.password,
        u1_0.reset_otp,
        u1_0.role,
        u1_0.specialty 
    from
        users u1_0 
    where
        u1_0.role=?
Hibernate: 
    select
        pp1_0.id,
        pp1_0.age,
        pp1_0.current_doctor_id,
        pp1_0.logo_url,
        pp1_0.medical_history,
        pp1_0.user_id 
    from
        patient_profile pp1_0 
    where
        pp1_0.user_id=?
Hibernate: 
    select
        u1_0.id,
        u1_0.email,
        u1_0.full_name,
        u1_0.password,
        u1_0.reset_otp,
        u1_0.role,
        u1_0.specialty 
    from
        users u1_0 
    where
        u1_0.role=?
Hibernate: 
    select
        u1_0.id,
        u1_0.email,
        u1_0.full_name,
        u1_0.password,
        u1_0.reset_otp,
        u1_0.role,
        u1_0.specialty 
    from
        users u1_0 
    where
        u1_0.role=?
