
  .   ____          _            __ _ _
 /\\ / ___'_ __ _ _(_)_ __  __ _ \ \ \ \
( ( )\___ | '_ | '_| | '_ \/ _` | \ \ \ \
 \\/  ___)| |_)| | | | | || (_| |  ) ) ) )
  '  |____| .__|_| |_|_| |_\__, | / / / /
 =========|_|==============|___/=/_/_/_/

 :: Spring Boot ::                (v3.4.1)

2026-03-31T14:03:11.595+05:30  INFO 8504 --- [auth-service] [           main] c.t.auth.AuthServiceApplication          : Starting AuthServiceApplication v0.0.1-SNAPSHOT using Java 21.0.10 with PID 8504 (E:\Project\Hospital Management System\SEN Project\auth-service\target\auth-service-0.0.1-SNAPSHOT.jar started by Admin in e:\Project\Hospital Management System\SEN Project\auth-service)
2026-03-31T14:03:11.604+05:30  INFO 8504 --- [auth-service] [           main] c.t.auth.AuthServiceApplication          : No active profile set, falling back to 1 default profile: "default"
2026-03-31T14:03:15.367+05:30  INFO 8504 --- [auth-service] [           main] .s.d.r.c.RepositoryConfigurationDelegate : Bootstrapping Spring Data JPA repositories in DEFAULT mode.
2026-03-31T14:03:15.853+05:30  INFO 8504 --- [auth-service] [           main] .s.d.r.c.RepositoryConfigurationDelegate : Finished Spring Data repository scanning in 405 ms. Found 9 JPA repository interfaces.
2026-03-31T14:03:19.081+05:30  INFO 8504 --- [auth-service] [           main] o.s.b.w.embedded.tomcat.TomcatWebServer  : Tomcat initialized with port 8081 (http)
2026-03-31T14:03:19.146+05:30  INFO 8504 --- [auth-service] [           main] o.apache.catalina.core.StandardService   : Starting service [Tomcat]
2026-03-31T14:03:19.147+05:30  INFO 8504 --- [auth-service] [           main] o.apache.catalina.core.StandardEngine    : Starting Servlet engine: [Apache Tomcat/10.1.34]
2026-03-31T14:03:19.308+05:30  INFO 8504 --- [auth-service] [           main] o.a.c.c.C.[Tomcat].[localhost].[/]       : Initializing Spring embedded WebApplicationContext
2026-03-31T14:03:19.314+05:30  INFO 8504 --- [auth-service] [           main] w.s.c.ServletWebServerApplicationContext : Root WebApplicationContext: initialization completed in 7537 ms
2026-03-31T14:03:20.688+05:30  INFO 8504 --- [auth-service] [           main] o.hibernate.jpa.internal.util.LogHelper  : HHH000204: Processing PersistenceUnitInfo [name: default]
2026-03-31T14:03:21.393+05:30  INFO 8504 --- [auth-service] [           main] org.hibernate.Version                    : HHH000412: Hibernate ORM core version 6.6.4.Final
2026-03-31T14:03:21.682+05:30  INFO 8504 --- [auth-service] [           main] o.h.c.internal.RegionFactoryInitiator    : HHH000026: Second-level cache disabled
2026-03-31T14:03:23.225+05:30  INFO 8504 --- [auth-service] [           main] o.s.o.j.p.SpringPersistenceUnitInfo      : No LoadTimeWeaver setup: ignoring JPA class transformer
2026-03-31T14:03:23.574+05:30  INFO 8504 --- [auth-service] [           main] com.zaxxer.hikari.HikariDataSource       : HikariPool-1 - Starting...
2026-03-31T14:03:24.242+05:30  INFO 8504 --- [auth-service] [           main] com.zaxxer.hikari.pool.HikariPool        : HikariPool-1 - Added connection conn0: url=jdbc:h2:mem:testdb user=SA
2026-03-31T14:03:24.252+05:30  INFO 8504 --- [auth-service] [           main] com.zaxxer.hikari.HikariDataSource       : HikariPool-1 - Start completed.
2026-03-31T14:03:24.408+05:30  WARN 8504 --- [auth-service] [           main] org.hibernate.orm.deprecation            : HHH90000025: H2Dialect does not need to be specified explicitly using 'hibernate.dialect' (remove the property setting and it will be selected by default)
2026-03-31T14:03:24.479+05:30  INFO 8504 --- [auth-service] [           main] org.hibernate.orm.connections.pooling    : HHH10001005: Database info:
	Database JDBC URL [Connecting through datasource 'HikariDataSource (HikariPool-1)']
	Database driver: undefined/unknown
	Database version: 2.3.232
	Autocommit mode: undefined/unknown
	Isolation level: undefined/unknown
	Minimum pool size: undefined/unknown
	Maximum pool size: undefined/unknown
2026-03-31T14:03:28.917+05:30  INFO 8504 --- [auth-service] [           main] o.h.e.t.j.p.i.JtaPlatformInitiator       : HHH000489: No JTA platform available (set 'hibernate.transaction.jta.platform' to enable JTA platform integration)
Hibernate: 
    drop table if exists chat_message cascade 
Hibernate: 
    drop table if exists communication_token cascade 
Hibernate: 
    drop table if exists consultation cascade 
Hibernate: 
    drop table if exists financial_transaction cascade 
Hibernate: 
    drop table if exists launchpad_submission cascade 
Hibernate: 
    drop table if exists patient_profile cascade 
Hibernate: 
    drop table if exists referral_request cascade 
Hibernate: 
    drop table if exists social_post cascade 
Hibernate: 
    drop table if exists users cascade 
Hibernate: 
    create table chat_message (
        id bigint generated by default as identity,
        sender_id bigint not null,
        sent_at timestamp(6),
        token_id bigint not null,
        message TEXT not null,
        primary key (id)
    )
Hibernate: 
    create table communication_token (
        is_frozen boolean not null,
        approved_at timestamp(6),
        expires_at timestamp(6),
        id bigint generated by default as identity,
        md_id bigint not null,
        patient_id bigint not null,
        requested_at timestamp(6),
        scheduled_time varchar(255),
        status enum ('APPROVED','COMPLETED','REJECTED','REQUESTED'),
        type enum ('CHAT','VIDEO'),
        primary key (id)
    )
Hibernate: 
    create table consultation (
        consultation_date timestamp(6),
        doctor_id bigint not null,
        id bigint generated by default as identity,
        patient_id bigint not null,
        notes TEXT,
        prescription TEXT,
        reports_url TEXT,
        primary key (id)
    )
Hibernate: 
    create table financial_transaction (
        amount float(53),
        id bigint generated by default as identity,
        transaction_date timestamp(6),
        description varchar(255),
        type enum ('EXPENDITURE','REVENUE'),
        primary key (id)
    )
Hibernate: 
    create table launchpad_submission (
        id bigint generated by default as identity,
        submitted_at timestamp(6),
        submitter_id bigint not null,
        contact_info varchar(255),
        description TEXT,
        domain varchar(255),
        idea_title varchar(255),
        response varchar(255),
        primary key (id)
    )
Hibernate: 
    create table patient_profile (
        age integer,
        current_doctor_id bigint,
        id bigint generated by default as identity,
        user_id bigint not null unique,
        logo_url varchar(255),
        medical_history TEXT,
        primary key (id)
    )
Hibernate: 
    create table referral_request (
        assigned_doctor_id bigint,
        from_doctor_id bigint not null,
        id bigint generated by default as identity,
        patient_id bigint not null,
        request_date timestamp(6),
        resolution_date timestamp(6),
        reason TEXT,
        requested_specialty varchar(255),
        urgency varchar(255),
        status enum ('APPROVED','PENDING','REJECTED'),
        primary key (id)
    )
Hibernate: 
    create table social_post (
        author_id bigint not null,
        id bigint generated by default as identity,
        posted_at timestamp(6),
        content TEXT,
        media_url varchar(255),
        title varchar(255),
        primary key (id)
    )
Hibernate: 
    create table users (
        id bigint generated by default as identity,
        email varchar(255) not null unique,
        full_name varchar(255) not null,
        password varchar(255) not null,
        reset_otp varchar(255),
        specialty varchar(255),
        role enum ('DOCTOR','MAIN_DOCTOR','PATIENT') not null,
        primary key (id)
    )
Hibernate: 
    alter table if exists chat_message 
       add constraint FK5f82aoyy0jiwpj08qapfrxbh6 
       foreign key (sender_id) 
       references users
Hibernate: 
    alter table if exists chat_message 
       add constraint FKc0ia30k1olg6xphlxtlru7gmu 
       foreign key (token_id) 
       references communication_token
Hibernate: 
    alter table if exists communication_token 
       add constraint FKqon2r6kd9jx9g14adc0nrwuj9 
       foreign key (md_id) 
       references users
Hibernate: 
    alter table if exists communication_token 
       add constraint FKrw347vvn6wf2nskpdw81lm2uo 
       foreign key (patient_id) 
       references users
Hibernate: 
    alter table if exists consultation 
       add constraint FKjv2bh7l6imvd32orhyusckg6e 
       foreign key (doctor_id) 
       references users
Hibernate: 
    alter table if exists consultation 
       add constraint FKlm6tcqp5j4oantbisd5qr18i4 
       foreign key (patient_id) 
       references users
Hibernate: 
    alter table if exists launchpad_submission 
       add constraint FK4ld4ho8ai3cpq2gk7fby2t8vb 
       foreign key (submitter_id) 
       references users
Hibernate: 
    alter table if exists patient_profile 
       add constraint FKnt227wxrq4c1a1h111umooaim 
       foreign key (current_doctor_id) 
       references users
Hibernate: 
    alter table if exists patient_profile 
       add constraint FKsqtjhff8nb8wq4lm9j9jk05pq 
       foreign key (user_id) 
       references users
Hibernate: 
    alter table if exists referral_request 
       add constraint FKeekuiqacir62ahjsbb9wt3kqe 
       foreign key (assigned_doctor_id) 
       references users
Hibernate: 
    alter table if exists referral_request 
       add constraint FKrkt5h4mh2g81rfk2ao2nxyb1q 
       foreign key (from_doctor_id) 
       references users
Hibernate: 
    alter table if exists referral_request 
       add constraint FKt01owvyoqbqv8q0msg2mgga30 
       foreign key (patient_id) 
       references users
Hibernate: 
    alter table if exists social_post 
       add constraint FK48oq20ucs86b7fnryj28edy82 
       foreign key (author_id) 
       references users
2026-03-31T14:03:29.195+05:30  INFO 8504 --- [auth-service] [           main] j.LocalContainerEntityManagerFactoryBean : Initialized JPA EntityManagerFactory for persistence unit 'default'
2026-03-31T14:03:32.735+05:30  WARN 8504 --- [auth-service] [           main] JpaBaseConfiguration$JpaWebConfiguration : spring.jpa.open-in-view is enabled by default. Therefore, database queries may be performed during view rendering. Explicitly configure spring.jpa.open-in-view to disable this warning
2026-03-31T14:03:32.831+05:30  WARN 8504 --- [auth-service] [           main] .s.s.UserDetailsServiceAutoConfiguration : 

Using generated security password: 7ecf6486-e68c-4084-914a-4a03be77cddb

This generated password is for development use only. Your security configuration must be updated before running your application in production.

2026-03-31T14:03:32.906+05:30  INFO 8504 --- [auth-service] [           main] r$InitializeUserDetailsManagerConfigurer : Global AuthenticationManager configured with UserDetailsService bean with name inMemoryUserDetailsManager
2026-03-31T14:03:33.447+05:30  INFO 8504 --- [auth-service] [           main] o.s.b.a.w.s.WelcomePageHandlerMapping    : Adding welcome page: class path resource [static/index.html]
2026-03-31T14:03:35.869+05:30  INFO 8504 --- [auth-service] [           main] o.s.b.a.h2.H2ConsoleAutoConfiguration    : H2 console available at '/h2-console'. Database available at 'jdbc:h2:mem:testdb'
2026-03-31T14:03:36.850+05:30  WARN 8504 --- [auth-service] [           main] ConfigServletWebServerApplicationContext : Exception encountered during context initialization - cancelling refresh attempt: org.springframework.context.ApplicationContextException: Failed to start bean 'webServerStartStop'
2026-03-31T14:03:36.862+05:30  INFO 8504 --- [auth-service] [           main] j.LocalContainerEntityManagerFactoryBean : Closing JPA EntityManagerFactory for persistence unit 'default'
Hibernate: 
    drop table if exists chat_message cascade 
Hibernate: 
    drop table if exists communication_token cascade 
Hibernate: 
    drop table if exists consultation cascade 
Hibernate: 
    drop table if exists financial_transaction cascade 
Hibernate: 
    drop table if exists launchpad_submission cascade 
Hibernate: 
    drop table if exists patient_profile cascade 
Hibernate: 
    drop table if exists referral_request cascade 
Hibernate: 
    drop table if exists social_post cascade 
Hibernate: 
    drop table if exists users cascade 
2026-03-31T14:03:36.948+05:30  INFO 8504 --- [auth-service] [           main] com.zaxxer.hikari.HikariDataSource       : HikariPool-1 - Shutdown initiated...
2026-03-31T14:03:36.957+05:30  INFO 8504 --- [auth-service] [           main] com.zaxxer.hikari.HikariDataSource       : HikariPool-1 - Shutdown completed.
2026-03-31T14:03:37.030+05:30  INFO 8504 --- [auth-service] [           main] .s.b.a.l.ConditionEvaluationReportLogger : 

Error starting ApplicationContext. To display the condition evaluation report re-run your application with 'debug' enabled.
2026-03-31T14:03:37.129+05:30 ERROR 8504 --- [auth-service] [           main] o.s.b.d.LoggingFailureAnalysisReporter   : 

***************************
APPLICATION FAILED TO START
***************************

Description:

Web server failed to start. Port 8081 was already in use.

Action:

Identify and stop the process that's listening on port 8081 or configure this application to listen on another port.

